********************************************************************************
*                             Initializing Cubiquity                           *
********************************************************************************
[13:00:08, Info   ]: Creating voxel database from 'C:/Users/Zuri/Desktop/Git/3DPlatformer/3DPlatformer/Assets/StreamingAssets/Cubiquity/VoxelDatabases/7B7168E0.vdb'
[13:01:08, Info   ]: Creating voxel database from 'C:/Users/Zuri/Desktop/Git/3DPlatformer/3DPlatformer/Assets/StreamingAssets/Cubiquity/VoxelDatabases/7B7168E0.vdb'
[13:01:08, Info   ]: Creating voxel database from 'C:/Users/Zuri/Desktop/Git/3DPlatformer/3DPlatformer/Assets/StreamingAssets/Cubiquity/VoxelDatabases/23EF9B3F.vdb'
[13:01:08, Info   ]: Creating voxel database from 'C:/Users/Zuri/Desktop/Git/3DPlatformer/3DPlatformer/Assets/StreamingAssets/Cubiquity/VoxelDatabases/7E0B0176.vdb'
[13:01:08, Info   ]: Creating voxel database from 'C:/Users/Zuri/Desktop/Git/3DPlatformer/3DPlatformer/Assets/StreamingAssets/Cubiquity/VoxelDatabases/687EA6AE.vdb'
[13:01:08, Info   ]: Creating voxel database from 'C:/Users/Zuri/Desktop/Git/3DPlatformer/3DPlatformer/Assets/StreamingAssets/Cubiquity/VoxelDatabases/0D98F46A.vdb'
[13:01:08, Info   ]: Creating voxel database from 'C:/Users/Zuri/Desktop/Git/3DPlatformer/3DPlatformer/Assets/StreamingAssets/Cubiquity/VoxelDatabases/229F81A5.vdb'
[13:01:54, Info   ]: Creating voxel database from 'C:/Users/Zuri/Desktop/Git/3DPlatformer/3DPlatformer/Assets/StreamingAssets/Cubiquity/VoxelDatabases/7B7168E0.vdb'
[13:02:40, Info   ]: Creating empty voxel database as 'C:/Users/Zuri/Desktop/Git/3DPlatformer/3DPlatformer/Assets/StreamingAssets/Cubiquity/VoxelDatabases/39200542.vdb'
[13:03:06, Info   ]: Creating voxel database from 'C:/Users/Zuri/Desktop/Git/3DPlatformer/3DPlatformer/Assets/StreamingAssets/Cubiquity/VoxelDatabases/687EA6AE.vdb'
[13:03:06, Info   ]: Creating voxel database from 'C:/Users/Zuri/Desktop/Git/3DPlatformer/3DPlatformer/Assets/StreamingAssets/Cubiquity/VoxelDatabases/7E0B0176.vdb'
[13:03:27, Info   ]: Creating voxel database from 'C:/Users/Zuri/Desktop/Git/3DPlatformer/3DPlatformer/Assets/StreamingAssets/Cubiquity/VoxelDatabases/7E0B0176.vdb'
[13:03:27, Info   ]: Creating voxel database from 'C:/Users/Zuri/Desktop/Git/3DPlatformer/3DPlatformer/Assets/StreamingAssets/Cubiquity/VoxelDatabases/687EA6AE.vdb'
[13:04:02, Info   ]: Creating empty voxel database as 'C:/Users/Zuri/Desktop/Git/3DPlatformer/3DPlatformer/Assets/StreamingAssets/Cubiquity/VoxelDatabases/0F7708D9.vdb'
[13:15:02, Info   ]: Resizing compressed data buffer to 288486bytes. This should only happen once
[13:15:02, Info   ]: Creating voxel database from 'C:/Users/Zuri/Desktop/Git/3DPlatformer/3DPlatformer/Assets/StreamingAssets/Cubiquity/VoxelDatabases/0F7708D9.vdb'
[13:15:39, Info   ]: Resizing compressed data buffer to 288486bytes. This should only happen once
[13:15:41, Info   ]: Creating voxel database from 'C:/Users/Zuri/Desktop/Git/3DPlatformer/3DPlatformer/Assets/StreamingAssets/Cubiquity/VoxelDatabases/0F7708D9.vdb'
[13:15:41, Info   ]: Creating voxel database from 'C:/Users/Zuri/Desktop/Git/3DPlatformer/3DPlatformer/Assets/StreamingAssets/Cubiquity/VoxelDatabases/7B7168E0.vdb'
[13:15:41, Info   ]: Creating voxel database from 'C:/Users/Zuri/Desktop/Git/3DPlatformer/3DPlatformer/Assets/StreamingAssets/Cubiquity/VoxelDatabases/23EF9B3F.vdb'
[13:15:41, Info   ]: Creating voxel database from 'C:/Users/Zuri/Desktop/Git/3DPlatformer/3DPlatformer/Assets/StreamingAssets/Cubiquity/VoxelDatabases/0D98F46A.vdb'
[13:15:41, Info   ]: Creating voxel database from 'C:/Users/Zuri/Desktop/Git/3DPlatformer/3DPlatformer/Assets/StreamingAssets/Cubiquity/VoxelDatabases/7E0B0176.vdb'
[13:15:41, Info   ]: Creating voxel database from 'C:/Users/Zuri/Desktop/Git/3DPlatformer/3DPlatformer/Assets/StreamingAssets/Cubiquity/VoxelDatabases/687EA6AE.vdb'
[13:15:41, Info   ]: Creating voxel database from 'C:/Users/Zuri/Desktop/Git/3DPlatformer/3DPlatformer/Assets/StreamingAssets/Cubiquity/VoxelDatabases/229F81A5.vdb'
[13:16:38, Info   ]: Creating voxel database from 'C:/Users/Zuri/Desktop/Git/3DPlatformer/3DPlatformer/Assets/StreamingAssets/Cubiquity/VoxelDatabases/0F7708D9.vdb'
[13:16:38, Info   ]: Creating voxel database from 'C:/Users/Zuri/Desktop/Git/3DPlatformer/3DPlatformer/Assets/StreamingAssets/Cubiquity/VoxelDatabases/7B7168E0.vdb'
[13:16:41, Info   ]: Creating voxel database from 'C:/Users/Zuri/Desktop/Git/3DPlatformer/3DPlatformer/Assets/StreamingAssets/Cubiquity/VoxelDatabases/0F7708D9.vdb'
[13:16:41, Info   ]: Creating voxel database from 'C:/Users/Zuri/Desktop/Git/3DPlatformer/3DPlatformer/Assets/StreamingAssets/Cubiquity/VoxelDatabases/7B7168E0.vdb'
[13:16:41, Info   ]: Creating voxel database from 'C:/Users/Zuri/Desktop/Git/3DPlatformer/3DPlatformer/Assets/StreamingAssets/Cubiquity/VoxelDatabases/0D98F46A.vdb'
[13:16:41, Info   ]: Creating voxel database from 'C:/Users/Zuri/Desktop/Git/3DPlatformer/3DPlatformer/Assets/StreamingAssets/Cubiquity/VoxelDatabases/23EF9B3F.vdb'
[13:16:41, Info   ]: Creating voxel database from 'C:/Users/Zuri/Desktop/Git/3DPlatformer/3DPlatformer/Assets/StreamingAssets/Cubiquity/VoxelDatabases/7E0B0176.vdb'
[13:16:41, Info   ]: Creating voxel database from 'C:/Users/Zuri/Desktop/Git/3DPlatformer/3DPlatformer/Assets/StreamingAssets/Cubiquity/VoxelDatabases/687EA6AE.vdb'
[13:16:42, Info   ]: Creating voxel database from 'C:/Users/Zuri/Desktop/Git/3DPlatformer/3DPlatformer/Assets/StreamingAssets/Cubiquity/VoxelDatabases/229F81A5.vdb'
[13:17:24, Info   ]: Creating voxel database from 'C:/Users/Zuri/Desktop/Git/3DPlatformer/3DPlatformer/Assets/StreamingAssets/Cubiquity/VoxelDatabases/0F7708D9.vdb'
[13:17:24, Info   ]: Creating voxel database from 'C:/Users/Zuri/Desktop/Git/3DPlatformer/3DPlatformer/Assets/StreamingAssets/Cubiquity/VoxelDatabases/7B7168E0.vdb'
[13:18:08, Info   ]: Creating voxel database from 'C:/Users/Zuri/Desktop/Git/3DPlatformer/3DPlatformer/Assets/StreamingAssets/Cubiquity/VoxelDatabases/0F7708D9.vdb'
[13:18:08, Info   ]: Creating voxel database from 'C:/Users/Zuri/Desktop/Git/3DPlatformer/3DPlatformer/Assets/StreamingAssets/Cubiquity/VoxelDatabases/7B7168E0.vdb'
[13:18:08, Info   ]: Creating voxel database from 'C:/Users/Zuri/Desktop/Git/3DPlatformer/3DPlatformer/Assets/StreamingAssets/Cubiquity/VoxelDatabases/23EF9B3F.vdb'
[13:18:08, Info   ]: Creating voxel database from 'C:/Users/Zuri/Desktop/Git/3DPlatformer/3DPlatformer/Assets/StreamingAssets/Cubiquity/VoxelDatabases/0D98F46A.vdb'
[13:18:08, Info   ]: Creating voxel database from 'C:/Users/Zuri/Desktop/Git/3DPlatformer/3DPlatformer/Assets/StreamingAssets/Cubiquity/VoxelDatabases/7E0B0176.vdb'
[13:18:08, Info   ]: Creating voxel database from 'C:/Users/Zuri/Desktop/Git/3DPlatformer/3DPlatformer/Assets/StreamingAssets/Cubiquity/VoxelDatabases/687EA6AE.vdb'
[13:18:08, Info   ]: Creating voxel database from 'C:/Users/Zuri/Desktop/Git/3DPlatformer/3DPlatformer/Assets/StreamingAssets/Cubiquity/VoxelDatabases/229F81A5.vdb'
[13:18:53, Info   ]: Creating voxel database from 'C:/Users/Zuri/Desktop/Git/3DPlatformer/3DPlatformer/Assets/StreamingAssets/Cubiquity/VoxelDatabases/0F7708D9.vdb'
[13:18:53, Info   ]: Creating voxel database from 'C:/Users/Zuri/Desktop/Git/3DPlatformer/3DPlatformer/Assets/StreamingAssets/Cubiquity/VoxelDatabases/7B7168E0.vdb'
[13:18:57, Info   ]: Creating voxel database from 'C:/Users/Zuri/Desktop/Git/3DPlatformer/3DPlatformer/Assets/StreamingAssets/Cubiquity/VoxelDatabases/0F7708D9.vdb'
[13:18:57, Info   ]: Creating voxel database from 'C:/Users/Zuri/Desktop/Git/3DPlatformer/3DPlatformer/Assets/StreamingAssets/Cubiquity/VoxelDatabases/7B7168E0.vdb'
[13:18:57, Info   ]: Creating voxel database from 'C:/Users/Zuri/Desktop/Git/3DPlatformer/3DPlatformer/Assets/StreamingAssets/Cubiquity/VoxelDatabases/0D98F46A.vdb'
[13:18:57, Info   ]: Creating voxel database from 'C:/Users/Zuri/Desktop/Git/3DPlatformer/3DPlatformer/Assets/StreamingAssets/Cubiquity/VoxelDatabases/23EF9B3F.vdb'
[13:18:57, Info   ]: Creating voxel database from 'C:/Users/Zuri/Desktop/Git/3DPlatformer/3DPlatformer/Assets/StreamingAssets/Cubiquity/VoxelDatabases/7E0B0176.vdb'
[13:18:57, Info   ]: Creating voxel database from 'C:/Users/Zuri/Desktop/Git/3DPlatformer/3DPlatformer/Assets/StreamingAssets/Cubiquity/VoxelDatabases/687EA6AE.vdb'
[13:18:57, Info   ]: Creating voxel database from 'C:/Users/Zuri/Desktop/Git/3DPlatformer/3DPlatformer/Assets/StreamingAssets/Cubiquity/VoxelDatabases/229F81A5.vdb'
[13:20:06, Info   ]: Creating voxel database from 'C:/Users/Zuri/Desktop/Git/3DPlatformer/3DPlatformer/Assets/StreamingAssets/Cubiquity/VoxelDatabases/0F7708D9.vdb'
[13:20:06, Info   ]: Creating voxel database from 'C:/Users/Zuri/Desktop/Git/3DPlatformer/3DPlatformer/Assets/StreamingAssets/Cubiquity/VoxelDatabases/7B7168E0.vdb'
[13:20:15, Info   ]: Creating voxel database from 'C:/Users/Zuri/Desktop/Git/3DPlatformer/3DPlatformer/Assets/StreamingAssets/Cubiquity/VoxelDatabases/687EA6AE.vdb'
[13:20:15, Info   ]: Creating voxel database from 'C:/Users/Zuri/Desktop/Git/3DPlatformer/3DPlatformer/Assets/StreamingAssets/Cubiquity/VoxelDatabases/7E0B0176.vdb'
[13:24:42, Info   ]: Resizing compressed data buffer to 288486bytes. This should only happen once
[13:24:42, Info   ]: Creating voxel database from 'C:/Users/Zuri/Desktop/Git/3DPlatformer/3DPlatformer/Assets/StreamingAssets/Cubiquity/VoxelDatabases/7E0B0176.vdb'
[13:24:42, Info   ]: Creating voxel database from 'C:/Users/Zuri/Desktop/Git/3DPlatformer/3DPlatformer/Assets/StreamingAssets/Cubiquity/VoxelDatabases/687EA6AE.vdb'
[13:24:52, Info   ]: Creating voxel database from 'C:/Users/Zuri/Desktop/Git/3DPlatformer/3DPlatformer/Assets/StreamingAssets/Cubiquity/VoxelDatabases/0F7708D9.vdb'
[13:24:52, Info   ]: Creating voxel database from 'C:/Users/Zuri/Desktop/Git/3DPlatformer/3DPlatformer/Assets/StreamingAssets/Cubiquity/VoxelDatabases/7B7168E0.vdb'
[13:24:52, Info   ]: Creating voxel database from 'C:/Users/Zuri/Desktop/Git/3DPlatformer/3DPlatformer/Assets/StreamingAssets/Cubiquity/VoxelDatabases/23EF9B3F.vdb'
[13:24:52, Info   ]: Creating voxel database from 'C:/Users/Zuri/Desktop/Git/3DPlatformer/3DPlatformer/Assets/StreamingAssets/Cubiquity/VoxelDatabases/0D98F46A.vdb'
[13:24:52, Info   ]: Creating voxel database from 'C:/Users/Zuri/Desktop/Git/3DPlatformer/3DPlatformer/Assets/StreamingAssets/Cubiquity/VoxelDatabases/7E0B0176.vdb'
[13:24:52, Info   ]: Creating voxel database from 'C:/Users/Zuri/Desktop/Git/3DPlatformer/3DPlatformer/Assets/StreamingAssets/Cubiquity/VoxelDatabases/687EA6AE.vdb'
[13:24:53, Info   ]: Creating voxel database from 'C:/Users/Zuri/Desktop/Git/3DPlatformer/3DPlatformer/Assets/StreamingAssets/Cubiquity/VoxelDatabases/229F81A5.vdb'
[13:25:36, Info   ]: Creating voxel database from 'C:/Users/Zuri/Desktop/Git/3DPlatformer/3DPlatformer/Assets/StreamingAssets/Cubiquity/VoxelDatabases/0F7708D9.vdb'
[13:25:36, Info   ]: Creating voxel database from 'C:/Users/Zuri/Desktop/Git/3DPlatformer/3DPlatformer/Assets/StreamingAssets/Cubiquity/VoxelDatabases/7B7168E0.vdb'
[13:25:43, Info   ]: Creating voxel database from 'C:/Users/Zuri/Desktop/Git/3DPlatformer/3DPlatformer/Assets/StreamingAssets/Cubiquity/VoxelDatabases/0D98F46A.vdb'
[13:26:13, Info   ]: Creating voxel database from 'C:/Users/Zuri/Desktop/Git/3DPlatformer/3DPlatformer/Assets/StreamingAssets/Cubiquity/VoxelDatabases/0D98F46A.vdb'
[13:26:29, Info   ]: Creating voxel database from 'C:/Users/Zuri/Desktop/Git/3DPlatformer/3DPlatformer/Assets/StreamingAssets/Cubiquity/VoxelDatabases/0D98F46A.vdb'
[13:27:10, Info   ]: Creating voxel database from 'C:/Users/Zuri/Desktop/Git/3DPlatformer/3DPlatformer/Assets/StreamingAssets/Cubiquity/VoxelDatabases/0D98F46A.vdb'
[13:27:19, Info   ]: Creating voxel database from 'C:/Users/Zuri/Desktop/Git/3DPlatformer/3DPlatformer/Assets/StreamingAssets/Cubiquity/VoxelDatabases/0F7708D9.vdb'
[13:27:19, Info   ]: Creating voxel database from 'C:/Users/Zuri/Desktop/Git/3DPlatformer/3DPlatformer/Assets/StreamingAssets/Cubiquity/VoxelDatabases/7B7168E0.vdb'
[13:27:19, Info   ]: Creating voxel database from 'C:/Users/Zuri/Desktop/Git/3DPlatformer/3DPlatformer/Assets/StreamingAssets/Cubiquity/VoxelDatabases/23EF9B3F.vdb'
[13:27:19, Info   ]: Creating voxel database from 'C:/Users/Zuri/Desktop/Git/3DPlatformer/3DPlatformer/Assets/StreamingAssets/Cubiquity/VoxelDatabases/0D98F46A.vdb'
[13:27:19, Info   ]: Creating voxel database from 'C:/Users/Zuri/Desktop/Git/3DPlatformer/3DPlatformer/Assets/StreamingAssets/Cubiquity/VoxelDatabases/687EA6AE.vdb'
[13:27:19, Info   ]: Creating voxel database from 'C:/Users/Zuri/Desktop/Git/3DPlatformer/3DPlatformer/Assets/StreamingAssets/Cubiquity/VoxelDatabases/7E0B0176.vdb'
[13:27:19, Info   ]: Creating voxel database from 'C:/Users/Zuri/Desktop/Git/3DPlatformer/3DPlatformer/Assets/StreamingAssets/Cubiquity/VoxelDatabases/229F81A5.vdb'
[13:28:50, Info   ]: Creating voxel database from 'C:/Users/Zuri/Desktop/Git/3DPlatformer/3DPlatformer/Assets/StreamingAssets/Cubiquity/VoxelDatabases/0F7708D9.vdb'
[13:28:50, Info   ]: Creating voxel database from 'C:/Users/Zuri/Desktop/Git/3DPlatformer/3DPlatformer/Assets/StreamingAssets/Cubiquity/VoxelDatabases/7B7168E0.vdb'
[13:30:28, Info   ]: Creating empty voxel database as 'C:/Users/Zuri/Desktop/Git/3DPlatformer/3DPlatformer/Assets/StreamingAssets/Cubiquity/VoxelDatabases/32AC2A8A.vdb'
[13:31:00, Info   ]: Creating empty voxel database as 'C:/Users/Zuri/Desktop/Git/3DPlatformer/3DPlatformer/Assets/StreamingAssets/Cubiquity/VoxelDatabases/5FE57BAF.vdb'
[13:41:12, Info   ]: Resizing compressed data buffer to 288486bytes. This should only happen once
[13:41:12, Info   ]: Creating voxel database from 'C:/Users/Zuri/Desktop/Git/3DPlatformer/3DPlatformer/Assets/StreamingAssets/Cubiquity/VoxelDatabases/5FE57BAF.vdb'
[13:41:53, Info   ]: Creating voxel database from 'C:/Users/Zuri/Desktop/Git/3DPlatformer/3DPlatformer/Assets/StreamingAssets/Cubiquity/VoxelDatabases/5FE57BAF.vdb'
[13:41:57, Info   ]: Resizing compressed data buffer to 288486bytes. This should only happen once
[13:42:00, Info   ]: Creating voxel database from 'C:/Users/Zuri/Desktop/Git/3DPlatformer/3DPlatformer/Assets/StreamingAssets/Cubiquity/VoxelDatabases/7B7168E0.vdb'
[13:42:00, Info   ]: Creating voxel database from 'C:/Users/Zuri/Desktop/Git/3DPlatformer/3DPlatformer/Assets/StreamingAssets/Cubiquity/VoxelDatabases/23EF9B3F.vdb'
[13:42:00, Info   ]: Creating voxel database from 'C:/Users/Zuri/Desktop/Git/3DPlatformer/3DPlatformer/Assets/StreamingAssets/Cubiquity/VoxelDatabases/0D98F46A.vdb'
[13:42:00, Info   ]: Creating voxel database from 'C:/Users/Zuri/Desktop/Git/3DPlatformer/3DPlatformer/Assets/StreamingAssets/Cubiquity/VoxelDatabases/7E0B0176.vdb'
[13:42:00, Info   ]: Creating voxel database from 'C:/Users/Zuri/Desktop/Git/3DPlatformer/3DPlatformer/Assets/StreamingAssets/Cubiquity/VoxelDatabases/687EA6AE.vdb'
[13:42:00, Info   ]: Creating voxel database from 'C:/Users/Zuri/Desktop/Git/3DPlatformer/3DPlatformer/Assets/StreamingAssets/Cubiquity/VoxelDatabases/229F81A5.vdb'
[13:42:00, Info   ]: Creating voxel database from 'C:/Users/Zuri/Desktop/Git/3DPlatformer/3DPlatformer/Assets/StreamingAssets/Cubiquity/VoxelDatabases/5FE57BAF.vdb'
[13:42:00, Info   ]: Creating voxel database from 'C:/Users/Zuri/Desktop/Git/3DPlatformer/3DPlatformer/Assets/StreamingAssets/Cubiquity/VoxelDatabases/0F7708D9.vdb'
[13:42:52, Info   ]: Creating voxel database from 'C:/Users/Zuri/Desktop/Git/3DPlatformer/3DPlatformer/Assets/StreamingAssets/Cubiquity/VoxelDatabases/7B7168E0.vdb'
[13:42:54, Info   ]: Creating voxel database from 'C:/Users/Zuri/Desktop/Git/3DPlatformer/3DPlatformer/Assets/StreamingAssets/Cubiquity/VoxelDatabases/7B7168E0.vdb'
[13:42:54, Info   ]: Creating voxel database from 'C:/Users/Zuri/Desktop/Git/3DPlatformer/3DPlatformer/Assets/StreamingAssets/Cubiquity/VoxelDatabases/0D98F46A.vdb'
[13:42:54, Info   ]: Creating voxel database from 'C:/Users/Zuri/Desktop/Git/3DPlatformer/3DPlatformer/Assets/StreamingAssets/Cubiquity/VoxelDatabases/23EF9B3F.vdb'
[13:42:54, Info   ]: Creating voxel database from 'C:/Users/Zuri/Desktop/Git/3DPlatformer/3DPlatformer/Assets/StreamingAssets/Cubiquity/VoxelDatabases/687EA6AE.vdb'
[13:42:54, Info   ]: Creating voxel database from 'C:/Users/Zuri/Desktop/Git/3DPlatformer/3DPlatformer/Assets/StreamingAssets/Cubiquity/VoxelDatabases/7E0B0176.vdb'
[13:42:55, Info   ]: Creating voxel database from 'C:/Users/Zuri/Desktop/Git/3DPlatformer/3DPlatformer/Assets/StreamingAssets/Cubiquity/VoxelDatabases/229F81A5.vdb'
[13:42:55, Info   ]: Creating voxel database from 'C:/Users/Zuri/Desktop/Git/3DPlatformer/3DPlatformer/Assets/StreamingAssets/Cubiquity/VoxelDatabases/5FE57BAF.vdb'
[13:44:44, Info   ]: Creating voxel database from 'C:/Users/Zuri/Desktop/Git/3DPlatformer/3DPlatformer/Assets/StreamingAssets/Cubiquity/VoxelDatabases/7B7168E0.vdb'
[13:48:17, Info   ]: Creating empty voxel database as 'C:/Users/Zuri/Desktop/Git/3DPlatformer/3DPlatformer/Assets/StreamingAssets/Cubiquity/VoxelDatabases/67F74F67.vdb'
[13:49:13, Info   ]: Resizing compressed data buffer to 288486bytes. This should only happen once
[13:50:42, Info   ]: Creating voxel database from 'C:/Users/Zuri/Desktop/Git/3DPlatformer/3DPlatformer/Assets/StreamingAssets/Cubiquity/VoxelDatabases/7B7168E0.vdb'
[13:50:42, Info   ]: Creating voxel database from 'C:/Users/Zuri/Desktop/Git/3DPlatformer/3DPlatformer/Assets/StreamingAssets/Cubiquity/VoxelDatabases/67F74F67.vdb'
[13:51:08, Info   ]: Creating empty voxel database as 'C:/Users/Zuri/Desktop/Git/3DPlatformer/3DPlatformer/Assets/StreamingAssets/Cubiquity/VoxelDatabases/0C1154BF.vdb'
[13:56:24, Info   ]: Resizing compressed data buffer to 288486bytes. This should only happen once
[13:56:24, Info   ]: Creating voxel database from 'C:/Users/Zuri/Desktop/Git/3DPlatformer/3DPlatformer/Assets/StreamingAssets/Cubiquity/VoxelDatabases/0C1154BF.vdb'
[14:03:02, Info   ]: Resizing compressed data buffer to 288486bytes. This should only happen once
[14:03:02, Info   ]: Creating voxel database from 'C:/Users/Zuri/Desktop/Git/3DPlatformer/3DPlatformer/Assets/StreamingAssets/Cubiquity/VoxelDatabases/0C1154BF.vdb'
[14:04:34, Info   ]: Creating voxel database from 'C:/Users/Zuri/Desktop/Git/3DPlatformer/3DPlatformer/Assets/StreamingAssets/Cubiquity/VoxelDatabases/7B7168E0.vdb'
[14:04:34, Info   ]: Creating voxel database from 'C:/Users/Zuri/Desktop/Git/3DPlatformer/3DPlatformer/Assets/StreamingAssets/Cubiquity/VoxelDatabases/23EF9B3F.vdb'
[14:04:34, Info   ]: Creating voxel database from 'C:/Users/Zuri/Desktop/Git/3DPlatformer/3DPlatformer/Assets/StreamingAssets/Cubiquity/VoxelDatabases/0D98F46A.vdb'
[14:04:34, Info   ]: Creating voxel database from 'C:/Users/Zuri/Desktop/Git/3DPlatformer/3DPlatformer/Assets/StreamingAssets/Cubiquity/VoxelDatabases/7E0B0176.vdb'
[14:04:34, Info   ]: Creating voxel database from 'C:/Users/Zuri/Desktop/Git/3DPlatformer/3DPlatformer/Assets/StreamingAssets/Cubiquity/VoxelDatabases/687EA6AE.vdb'
[14:04:34, Info   ]: Creating voxel database from 'C:/Users/Zuri/Desktop/Git/3DPlatformer/3DPlatformer/Assets/StreamingAssets/Cubiquity/VoxelDatabases/229F81A5.vdb'
[14:04:34, Info   ]: Creating voxel database from 'C:/Users/Zuri/Desktop/Git/3DPlatformer/3DPlatformer/Assets/StreamingAssets/Cubiquity/VoxelDatabases/0F7708D9.vdb'
[14:04:34, Info   ]: Creating voxel database from 'C:/Users/Zuri/Desktop/Git/3DPlatformer/3DPlatformer/Assets/StreamingAssets/Cubiquity/VoxelDatabases/5FE57BAF.vdb'
[14:04:34, Info   ]: Creating voxel database from 'C:/Users/Zuri/Desktop/Git/3DPlatformer/3DPlatformer/Assets/StreamingAssets/Cubiquity/VoxelDatabases/0C1154BF.vdb'
[14:08:32, Info   ]: Creating voxel database from 'C:/Users/Zuri/Desktop/Git/3DPlatformer/3DPlatformer/Assets/StreamingAssets/Cubiquity/VoxelDatabases/7B7168E0.vdb'
[14:09:27, Info   ]: Creating voxel database from 'C:/Users/Zuri/Desktop/Git/3DPlatformer/3DPlatformer/Assets/StreamingAssets/Cubiquity/VoxelDatabases/687EA6AE.vdb'
[14:09:52, Info   ]: Creating voxel database from 'C:/Users/Zuri/Desktop/Git/3DPlatformer/3DPlatformer/Assets/StreamingAssets/Cubiquity/VoxelDatabases/687EA6AE.vdb'
[14:10:40, Info   ]: Creating voxel database from 'C:/Users/Zuri/Desktop/Git/3DPlatformer/3DPlatformer/Assets/StreamingAssets/Cubiquity/VoxelDatabases/687EA6AE.vdb'
[14:14:38, Info   ]: Creating voxel database from 'C:/Users/Zuri/Desktop/Git/3DPlatformer/3DPlatformer/Assets/StreamingAssets/Cubiquity/VoxelDatabases/7B7168E0.vdb'
[14:14:38, Info   ]: Creating voxel database from 'C:/Users/Zuri/Desktop/Git/3DPlatformer/3DPlatformer/Assets/StreamingAssets/Cubiquity/VoxelDatabases/23EF9B3F.vdb'
[14:14:38, Info   ]: Creating voxel database from 'C:/Users/Zuri/Desktop/Git/3DPlatformer/3DPlatformer/Assets/StreamingAssets/Cubiquity/VoxelDatabases/0D98F46A.vdb'
[14:14:38, Info   ]: Creating voxel database from 'C:/Users/Zuri/Desktop/Git/3DPlatformer/3DPlatformer/Assets/StreamingAssets/Cubiquity/VoxelDatabases/7E0B0176.vdb'
[14:14:38, Info   ]: Creating voxel database from 'C:/Users/Zuri/Desktop/Git/3DPlatformer/3DPlatformer/Assets/StreamingAssets/Cubiquity/VoxelDatabases/687EA6AE.vdb'
[14:14:39, Info   ]: Creating voxel database from 'C:/Users/Zuri/Desktop/Git/3DPlatformer/3DPlatformer/Assets/StreamingAssets/Cubiquity/VoxelDatabases/229F81A5.vdb'
[14:14:39, Info   ]: Creating voxel database from 'C:/Users/Zuri/Desktop/Git/3DPlatformer/3DPlatformer/Assets/StreamingAssets/Cubiquity/VoxelDatabases/0C1154BF.vdb'
[14:14:39, Info   ]: Creating voxel database from 'C:/Users/Zuri/Desktop/Git/3DPlatformer/3DPlatformer/Assets/StreamingAssets/Cubiquity/VoxelDatabases/0F7708D9.vdb'
[14:14:39, Info   ]: Creating voxel database from 'C:/Users/Zuri/Desktop/Git/3DPlatformer/3DPlatformer/Assets/StreamingAssets/Cubiquity/VoxelDatabases/5FE57BAF.vdb'
[14:14:44, Info   ]: Creating voxel database from 'C:/Users/Zuri/Desktop/Git/3DPlatformer/3DPlatformer/Assets/StreamingAssets/Cubiquity/VoxelDatabases/7B7168E0.vdb'
[14:16:11, Info   ]: Creating voxel database from 'C:/Users/Zuri/Desktop/Git/3DPlatformer/3DPlatformer/Assets/StreamingAssets/Cubiquity/VoxelDatabases/7B7168E0.vdb'
[14:16:11, Info   ]: Creating voxel database from 'C:/Users/Zuri/Desktop/Git/3DPlatformer/3DPlatformer/Assets/StreamingAssets/Cubiquity/VoxelDatabases/23EF9B3F.vdb'
[14:16:11, Info   ]: Creating voxel database from 'C:/Users/Zuri/Desktop/Git/3DPlatformer/3DPlatformer/Assets/StreamingAssets/Cubiquity/VoxelDatabases/0D98F46A.vdb'
[14:16:11, Info   ]: Creating voxel database from 'C:/Users/Zuri/Desktop/Git/3DPlatformer/3DPlatformer/Assets/StreamingAssets/Cubiquity/VoxelDatabases/7E0B0176.vdb'
[14:16:11, Info   ]: Creating voxel database from 'C:/Users/Zuri/Desktop/Git/3DPlatformer/3DPlatformer/Assets/StreamingAssets/Cubiquity/VoxelDatabases/687EA6AE.vdb'
[14:16:11, Info   ]: Creating voxel database from 'C:/Users/Zuri/Desktop/Git/3DPlatformer/3DPlatformer/Assets/StreamingAssets/Cubiquity/VoxelDatabases/229F81A5.vdb'
[14:16:11, Info   ]: Creating voxel database from 'C:/Users/Zuri/Desktop/Git/3DPlatformer/3DPlatformer/Assets/StreamingAssets/Cubiquity/VoxelDatabases/0F7708D9.vdb'
[14:16:11, Info   ]: Creating voxel database from 'C:/Users/Zuri/Desktop/Git/3DPlatformer/3DPlatformer/Assets/StreamingAssets/Cubiquity/VoxelDatabases/5FE57BAF.vdb'
[14:16:28, Info   ]: Creating voxel database from 'C:/Users/Zuri/Desktop/Git/3DPlatformer/3DPlatformer/Assets/StreamingAssets/Cubiquity/VoxelDatabases/7B7168E0.vdb'
[14:16:44, Info   ]: Creating voxel database from 'C:/Users/Zuri/Desktop/Git/3DPlatformer/3DPlatformer/Assets/StreamingAssets/Cubiquity/VoxelDatabases/7B7168E0.vdb'
[14:16:44, Info   ]: Creating voxel database from 'C:/Users/Zuri/Desktop/Git/3DPlatformer/3DPlatformer/Assets/StreamingAssets/Cubiquity/VoxelDatabases/23EF9B3F.vdb'
[14:16:44, Info   ]: Creating voxel database from 'C:/Users/Zuri/Desktop/Git/3DPlatformer/3DPlatformer/Assets/StreamingAssets/Cubiquity/VoxelDatabases/0D98F46A.vdb'
[14:16:44, Info   ]: Creating voxel database from 'C:/Users/Zuri/Desktop/Git/3DPlatformer/3DPlatformer/Assets/StreamingAssets/Cubiquity/VoxelDatabases/7E0B0176.vdb'
[14:16:44, Info   ]: Creating voxel database from 'C:/Users/Zuri/Desktop/Git/3DPlatformer/3DPlatformer/Assets/StreamingAssets/Cubiquity/VoxelDatabases/687EA6AE.vdb'
[14:16:44, Info   ]: Creating voxel database from 'C:/Users/Zuri/Desktop/Git/3DPlatformer/3DPlatformer/Assets/StreamingAssets/Cubiquity/VoxelDatabases/229F81A5.vdb'
[14:16:44, Info   ]: Creating voxel database from 'C:/Users/Zuri/Desktop/Git/3DPlatformer/3DPlatformer/Assets/StreamingAssets/Cubiquity/VoxelDatabases/5FE57BAF.vdb'
[14:17:03, Info   ]: Creating voxel database from 'C:/Users/Zuri/Desktop/Git/3DPlatformer/3DPlatformer/Assets/StreamingAssets/Cubiquity/VoxelDatabases/7B7168E0.vdb'
[14:19:42, Info   ]: Creating voxel database from 'C:/Users/Zuri/Desktop/Git/3DPlatformer/3DPlatformer/Assets/StreamingAssets/Cubiquity/VoxelDatabases/7B7168E0.vdb'
[14:19:42, Info   ]: Creating voxel database from 'C:/Users/Zuri/Desktop/Git/3DPlatformer/3DPlatformer/Assets/StreamingAssets/Cubiquity/VoxelDatabases/23EF9B3F.vdb'
[14:19:42, Info   ]: Creating voxel database from 'C:/Users/Zuri/Desktop/Git/3DPlatformer/3DPlatformer/Assets/StreamingAssets/Cubiquity/VoxelDatabases/0D98F46A.vdb'
[14:19:42, Info   ]: Creating voxel database from 'C:/Users/Zuri/Desktop/Git/3DPlatformer/3DPlatformer/Assets/StreamingAssets/Cubiquity/VoxelDatabases/7E0B0176.vdb'
[14:19:42, Info   ]: Creating voxel database from 'C:/Users/Zuri/Desktop/Git/3DPlatformer/3DPlatformer/Assets/StreamingAssets/Cubiquity/VoxelDatabases/687EA6AE.vdb'
[14:19:42, Info   ]: Creating voxel database from 'C:/Users/Zuri/Desktop/Git/3DPlatformer/3DPlatformer/Assets/StreamingAssets/Cubiquity/VoxelDatabases/229F81A5.vdb'
[14:19:42, Info   ]: Creating voxel database from 'C:/Users/Zuri/Desktop/Git/3DPlatformer/3DPlatformer/Assets/StreamingAssets/Cubiquity/VoxelDatabases/0F7708D9.vdb'
[14:19:42, Info   ]: Creating voxel database from 'C:/Users/Zuri/Desktop/Git/3DPlatformer/3DPlatformer/Assets/StreamingAssets/Cubiquity/VoxelDatabases/0C1154BF.vdb'
[14:19:50, Info   ]: Creating voxel database from 'C:/Users/Zuri/Desktop/Git/3DPlatformer/3DPlatformer/Assets/StreamingAssets/Cubiquity/VoxelDatabases/7B7168E0.vdb'
[14:20:10, Info   ]: Creating voxel database from 'C:/Users/Zuri/Desktop/Git/3DPlatformer/3DPlatformer/Assets/StreamingAssets/Cubiquity/VoxelDatabases/7B7168E0.vdb'
[14:20:10, Info   ]: Creating voxel database from 'C:/Users/Zuri/Desktop/Git/3DPlatformer/3DPlatformer/Assets/StreamingAssets/Cubiquity/VoxelDatabases/23EF9B3F.vdb'
[14:20:10, Info   ]: Creating voxel database from 'C:/Users/Zuri/Desktop/Git/3DPlatformer/3DPlatformer/Assets/StreamingAssets/Cubiquity/VoxelDatabases/0D98F46A.vdb'
[14:20:10, Info   ]: Creating voxel database from 'C:/Users/Zuri/Desktop/Git/3DPlatformer/3DPlatformer/Assets/StreamingAssets/Cubiquity/VoxelDatabases/687EA6AE.vdb'
[14:20:10, Info   ]: Creating voxel database from 'C:/Users/Zuri/Desktop/Git/3DPlatformer/3DPlatformer/Assets/StreamingAssets/Cubiquity/VoxelDatabases/7E0B0176.vdb'
[14:20:10, Info   ]: Creating voxel database from 'C:/Users/Zuri/Desktop/Git/3DPlatformer/3DPlatformer/Assets/StreamingAssets/Cubiquity/VoxelDatabases/229F81A5.vdb'
[14:20:10, Info   ]: Creating voxel database from 'C:/Users/Zuri/Desktop/Git/3DPlatformer/3DPlatformer/Assets/StreamingAssets/Cubiquity/VoxelDatabases/0F7708D9.vdb'
[14:20:10, Info   ]: Creating voxel database from 'C:/Users/Zuri/Desktop/Git/3DPlatformer/3DPlatformer/Assets/StreamingAssets/Cubiquity/VoxelDatabases/0C1154BF.vdb'
[14:20:10, Info   ]: Creating voxel database from 'C:/Users/Zuri/Desktop/Git/3DPlatformer/3DPlatformer/Assets/StreamingAssets/Cubiquity/VoxelDatabases/5FE57BAF.vdb'
[14:20:48, Info   ]: Creating voxel database from 'C:/Users/Zuri/Desktop/Git/3DPlatformer/3DPlatformer/Assets/StreamingAssets/Cubiquity/VoxelDatabases/7B7168E0.vdb'
[14:21:13, Info   ]: Creating voxel database from 'C:/Users/Zuri/Desktop/Git/3DPlatformer/3DPlatformer/Assets/StreamingAssets/Cubiquity/VoxelDatabases/7B7168E0.vdb'
[14:21:13, Info   ]: Creating voxel database from 'C:/Users/Zuri/Desktop/Git/3DPlatformer/3DPlatformer/Assets/StreamingAssets/Cubiquity/VoxelDatabases/0D98F46A.vdb'
[14:21:13, Info   ]: Creating voxel database from 'C:/Users/Zuri/Desktop/Git/3DPlatformer/3DPlatformer/Assets/StreamingAssets/Cubiquity/VoxelDatabases/23EF9B3F.vdb'
[14:21:13, Info   ]: Creating voxel database from 'C:/Users/Zuri/Desktop/Git/3DPlatformer/3DPlatformer/Assets/StreamingAssets/Cubiquity/VoxelDatabases/7E0B0176.vdb'
[14:21:13, Info   ]: Creating voxel database from 'C:/Users/Zuri/Desktop/Git/3DPlatformer/3DPlatformer/Assets/StreamingAssets/Cubiquity/VoxelDatabases/687EA6AE.vdb'
[14:21:13, Info   ]: Creating voxel database from 'C:/Users/Zuri/Desktop/Git/3DPlatformer/3DPlatformer/Assets/StreamingAssets/Cubiquity/VoxelDatabases/5FE57BAF.vdb'
[14:21:13, Info   ]: Creating voxel database from 'C:/Users/Zuri/Desktop/Git/3DPlatformer/3DPlatformer/Assets/StreamingAssets/Cubiquity/VoxelDatabases/229F81A5.vdb'
[14:21:13, Info   ]: Creating voxel database from 'C:/Users/Zuri/Desktop/Git/3DPlatformer/3DPlatformer/Assets/StreamingAssets/Cubiquity/VoxelDatabases/0F7708D9.vdb'
[14:21:13, Info   ]: Creating voxel database from 'C:/Users/Zuri/Desktop/Git/3DPlatformer/3DPlatformer/Assets/StreamingAssets/Cubiquity/VoxelDatabases/0C1154BF.vdb'
[14:21:29, Info   ]: Creating voxel database from 'C:/Users/Zuri/Desktop/Git/3DPlatformer/3DPlatformer/Assets/StreamingAssets/Cubiquity/VoxelDatabases/7B7168E0.vdb'
[14:24:47, Info   ]: Creating voxel database from 'C:/Users/Zuri/Desktop/Git/3DPlatformer/3DPlatformer/Assets/StreamingAssets/Cubiquity/VoxelDatabases/7B7168E0.vdb'
[14:24:47, Info   ]: Creating voxel database from 'C:/Users/Zuri/Desktop/Git/3DPlatformer/3DPlatformer/Assets/StreamingAssets/Cubiquity/VoxelDatabases/23EF9B3F.vdb'
[14:24:47, Info   ]: Creating voxel database from 'C:/Users/Zuri/Desktop/Git/3DPlatformer/3DPlatformer/Assets/StreamingAssets/Cubiquity/VoxelDatabases/0D98F46A.vdb'
[14:24:47, Info   ]: Creating voxel database from 'C:/Users/Zuri/Desktop/Git/3DPlatformer/3DPlatformer/Assets/StreamingAssets/Cubiquity/VoxelDatabases/687EA6AE.vdb'
[14:24:47, Info   ]: Creating voxel database from 'C:/Users/Zuri/Desktop/Git/3DPlatformer/3DPlatformer/Assets/StreamingAssets/Cubiquity/VoxelDatabases/7E0B0176.vdb'
[14:24:47, Info   ]: Creating voxel database from 'C:/Users/Zuri/Desktop/Git/3DPlatformer/3DPlatformer/Assets/StreamingAssets/Cubiquity/VoxelDatabases/229F81A5.vdb'
[14:24:47, Info   ]: Creating voxel database from 'C:/Users/Zuri/Desktop/Git/3DPlatformer/3DPlatformer/Assets/StreamingAssets/Cubiquity/VoxelDatabases/5FE57BAF.vdb'
[14:24:47, Info   ]: Creating voxel database from 'C:/Users/Zuri/Desktop/Git/3DPlatformer/3DPlatformer/Assets/StreamingAssets/Cubiquity/VoxelDatabases/0C1154BF.vdb'
[14:25:04, Info   ]: Creating voxel database from 'C:/Users/Zuri/Desktop/Git/3DPlatformer/3DPlatformer/Assets/StreamingAssets/Cubiquity/VoxelDatabases/7B7168E0.vdb'
[14:26:49, Info   ]: Creating voxel database from 'C:/Users/Zuri/Desktop/Git/3DPlatformer/3DPlatformer/Assets/StreamingAssets/Cubiquity/VoxelDatabases/7B7168E0.vdb'
[14:26:49, Info   ]: Creating voxel database from 'C:/Users/Zuri/Desktop/Git/3DPlatformer/3DPlatformer/Assets/StreamingAssets/Cubiquity/VoxelDatabases/23EF9B3F.vdb'
[14:26:49, Info   ]: Creating voxel database from 'C:/Users/Zuri/Desktop/Git/3DPlatformer/3DPlatformer/Assets/StreamingAssets/Cubiquity/VoxelDatabases/687EA6AE.vdb'
[14:26:49, Info   ]: Creating voxel database from 'C:/Users/Zuri/Desktop/Git/3DPlatformer/3DPlatformer/Assets/StreamingAssets/Cubiquity/VoxelDatabases/7E0B0176.vdb'
[14:26:49, Info   ]: Creating voxel database from 'C:/Users/Zuri/Desktop/Git/3DPlatformer/3DPlatformer/Assets/StreamingAssets/Cubiquity/VoxelDatabases/229F81A5.vdb'
[14:26:49, Info   ]: Creating voxel database from 'C:/Users/Zuri/Desktop/Git/3DPlatformer/3DPlatformer/Assets/StreamingAssets/Cubiquity/VoxelDatabases/0D98F46A.vdb'
[14:26:49, Info   ]: Creating voxel database from 'C:/Users/Zuri/Desktop/Git/3DPlatformer/3DPlatformer/Assets/StreamingAssets/Cubiquity/VoxelDatabases/5FE57BAF.vdb'
[14:26:49, Info   ]: Creating voxel database from 'C:/Users/Zuri/Desktop/Git/3DPlatformer/3DPlatformer/Assets/StreamingAssets/Cubiquity/VoxelDatabases/0F7708D9.vdb'
[14:27:22, Info   ]: Creating voxel database from 'C:/Users/Zuri/Desktop/Git/3DPlatformer/3DPlatformer/Assets/StreamingAssets/Cubiquity/VoxelDatabases/7B7168E0.vdb'
[14:35:32, Info   ]: Creating voxel database from 'C:/Users/Zuri/Desktop/Git/3DPlatformer/3DPlatformer/Assets/StreamingAssets/Cubiquity/VoxelDatabases/7B7168E0.vdb'
[14:47:19, Info   ]: Creating voxel database from 'C:/Users/Zuri/Desktop/Git/3DPlatformer/3DPlatformer/Assets/StreamingAssets/Cubiquity/VoxelDatabases/7B7168E0.vdb'
[14:47:26, Info   ]: Creating voxel database from 'C:/Users/Zuri/Desktop/Git/3DPlatformer/3DPlatformer/Assets/StreamingAssets/Cubiquity/VoxelDatabases/7B7168E0.vdb'
[14:47:59, Info   ]: Creating voxel database from 'C:/Users/Zuri/Desktop/Git/3DPlatformer/3DPlatformer/Assets/StreamingAssets/Cubiquity/VoxelDatabases/7B7168E0.vdb'
[14:50:24, Info   ]: Creating voxel database from 'C:/Users/Zuri/Desktop/Git/3DPlatformer/3DPlatformer/Assets/StreamingAssets/Cubiquity/VoxelDatabases/7B7168E0.vdb'
[14:50:46, Info   ]: Creating voxel database from 'C:/Users/Zuri/Desktop/Git/3DPlatformer/3DPlatformer/Assets/StreamingAssets/Cubiquity/VoxelDatabases/7B7168E0.vdb'
[14:50:53, Info   ]: Creating voxel database from 'C:/Users/Zuri/Desktop/Git/3DPlatformer/3DPlatformer/Assets/StreamingAssets/Cubiquity/VoxelDatabases/7B7168E0.vdb'
[14:50:58, Info   ]: Creating voxel database from 'C:/Users/Zuri/Desktop/Git/3DPlatformer/3DPlatformer/Assets/StreamingAssets/Cubiquity/VoxelDatabases/7B7168E0.vdb'
[14:51:08, Info   ]: Creating voxel database from 'C:/Users/Zuri/Desktop/Git/3DPlatformer/3DPlatformer/Assets/StreamingAssets/Cubiquity/VoxelDatabases/7B7168E0.vdb'
[14:51:27, Info   ]: Creating voxel database from 'C:/Users/Zuri/Desktop/Git/3DPlatformer/3DPlatformer/Assets/StreamingAssets/Cubiquity/VoxelDatabases/7B7168E0.vdb'
[14:51:27, Info   ]: Creating voxel database from 'C:/Users/Zuri/Desktop/Git/3DPlatformer/3DPlatformer/Assets/StreamingAssets/Cubiquity/VoxelDatabases/0D98F46A.vdb'
[14:51:27, Info   ]: Creating voxel database from 'C:/Users/Zuri/Desktop/Git/3DPlatformer/3DPlatformer/Assets/StreamingAssets/Cubiquity/VoxelDatabases/23EF9B3F.vdb'
[14:51:27, Info   ]: Creating voxel database from 'C:/Users/Zuri/Desktop/Git/3DPlatformer/3DPlatformer/Assets/StreamingAssets/Cubiquity/VoxelDatabases/687EA6AE.vdb'
[14:51:27, Info   ]: Creating voxel database from 'C:/Users/Zuri/Desktop/Git/3DPlatformer/3DPlatformer/Assets/StreamingAssets/Cubiquity/VoxelDatabases/7E0B0176.vdb'
[14:51:27, Info   ]: Creating voxel database from 'C:/Users/Zuri/Desktop/Git/3DPlatformer/3DPlatformer/Assets/StreamingAssets/Cubiquity/VoxelDatabases/5FE57BAF.vdb'
[14:51:27, Info   ]: Creating voxel database from 'C:/Users/Zuri/Desktop/Git/3DPlatformer/3DPlatformer/Assets/StreamingAssets/Cubiquity/VoxelDatabases/0F7708D9.vdb'
[14:51:56, Info   ]: Creating voxel database from 'C:/Users/Zuri/Desktop/Git/3DPlatformer/3DPlatformer/Assets/StreamingAssets/Cubiquity/VoxelDatabases/7B7168E0.vdb'
[14:53:21, Info   ]: Creating voxel database from 'C:/Users/Zuri/Desktop/Git/3DPlatformer/3DPlatformer/Assets/StreamingAssets/Cubiquity/VoxelDatabases/0C1154BF.vdb'
[15:11:59, Info   ]: Creating voxel database from 'C:/Users/Zuri/Desktop/Git/3DPlatformer/3DPlatformer/Assets/StreamingAssets/Cubiquity/VoxelDatabases/0C1154BF.vdb'
[15:12:31, Info   ]: Creating voxel database from 'C:/Users/Zuri/Desktop/Git/3DPlatformer/3DPlatformer/Assets/StreamingAssets/Cubiquity/VoxelDatabases/0C1154BF.vdb'
[15:16:54, Info   ]: Creating voxel database from 'C:/Users/Zuri/Desktop/Git/3DPlatformer/3DPlatformer/Assets/StreamingAssets/Cubiquity/VoxelDatabases/0C1154BF.vdb'
[15:17:10, Info   ]: Creating voxel database from 'C:/Users/Zuri/Desktop/Git/3DPlatformer/3DPlatformer/Assets/StreamingAssets/Cubiquity/VoxelDatabases/0C1154BF.vdb'
[15:18:16, Info   ]: Creating voxel database from 'C:/Users/Zuri/Desktop/Git/3DPlatformer/3DPlatformer/Assets/StreamingAssets/Cubiquity/VoxelDatabases/0C1154BF.vdb'
[15:18:24, Info   ]: Creating voxel database from 'C:/Users/Zuri/Desktop/Git/3DPlatformer/3DPlatformer/Assets/StreamingAssets/Cubiquity/VoxelDatabases/0C1154BF.vdb'
[15:22:06, Info   ]: Creating voxel database from 'C:/Users/Zuri/Desktop/Git/3DPlatformer/3DPlatformer/Assets/StreamingAssets/Cubiquity/VoxelDatabases/0C1154BF.vdb'
[15:22:58, Info   ]: Creating voxel database from 'C:/Users/Zuri/Desktop/Git/3DPlatformer/3DPlatformer/Assets/StreamingAssets/Cubiquity/VoxelDatabases/7B7168E0.vdb'
[15:23:55, Info   ]: Creating voxel database from 'C:/Users/Zuri/Desktop/Git/3DPlatformer/3DPlatformer/Assets/StreamingAssets/Cubiquity/VoxelDatabases/7B7168E0.vdb'
[15:24:21, Info   ]: Creating voxel database from 'C:/Users/Zuri/Desktop/Git/3DPlatformer/3DPlatformer/Assets/StreamingAssets/Cubiquity/VoxelDatabases/0D98F46A.vdb'
[15:24:44, Info   ]: Creating voxel database from 'C:/Users/Zuri/Desktop/Git/3DPlatformer/3DPlatformer/Assets/StreamingAssets/Cubiquity/VoxelDatabases/0F7708D9.vdb'
[15:24:45, Info   ]: Creating voxel database from 'C:/Users/Zuri/Desktop/Git/3DPlatformer/3DPlatformer/Assets/StreamingAssets/Cubiquity/VoxelDatabases/5FE57BAF.vdb'
[15:24:47, Info   ]: Creating voxel database from 'C:/Users/Zuri/Desktop/Git/3DPlatformer/3DPlatformer/Assets/StreamingAssets/Cubiquity/VoxelDatabases/229F81A5.vdb'
[15:24:51, Info   ]: Creating voxel database from 'C:/Users/Zuri/Desktop/Git/3DPlatformer/3DPlatformer/Assets/StreamingAssets/Cubiquity/VoxelDatabases/23EF9B3F.vdb'
[15:24:59, Info   ]: Creating voxel database from 'C:/Users/Zuri/Desktop/Git/3DPlatformer/3DPlatformer/Assets/StreamingAssets/Cubiquity/VoxelDatabases/687EA6AE.vdb'
[15:24:59, Info   ]: Creating voxel database from 'C:/Users/Zuri/Desktop/Git/3DPlatformer/3DPlatformer/Assets/StreamingAssets/Cubiquity/VoxelDatabases/7E0B0176.vdb'
[15:30:30, Info   ]: Creating voxel database from 'C:/Users/Zuri/Desktop/Git/3DPlatformer/3DPlatformer/Assets/StreamingAssets/Cubiquity/VoxelDatabases/0D98F46A.vdb'
[15:32:29, Info   ]: Creating voxel database from 'C:/Users/Zuri/Desktop/Git/3DPlatformer/3DPlatformer/Assets/StreamingAssets/Cubiquity/VoxelDatabases/0D98F46A.vdb'
[15:42:38, Info   ]: Creating voxel database from 'C:/Users/Zuri/Desktop/Git/3DPlatformer/3DPlatformer/Assets/StreamingAssets/Cubiquity/VoxelDatabases/0F7708D9.vdb'
[15:42:58, Info   ]: Creating voxel database from 'C:/Users/Zuri/Desktop/Git/3DPlatformer/3DPlatformer/Assets/StreamingAssets/Cubiquity/VoxelDatabases/0D98F46A.vdb'
[15:43:09, Info   ]: Creating voxel database from 'C:/Users/Zuri/Desktop/Git/3DPlatformer/3DPlatformer/Assets/StreamingAssets/Cubiquity/VoxelDatabases/7B7168E0.vdb'
[15:51:45, Info   ]: Creating voxel database from 'C:/Users/Zuri/Desktop/Git/3DPlatformer/3DPlatformer/Assets/StreamingAssets/Cubiquity/VoxelDatabases/687EA6AE.vdb'
[15:51:51, Info   ]: Creating voxel database from 'C:/Users/Zuri/Desktop/Git/3DPlatformer/3DPlatformer/Assets/StreamingAssets/Cubiquity/VoxelDatabases/687EA6AE.vdb'
[16:03:27, Info   ]: Creating voxel database from 'C:/Users/Zuri/Desktop/Git/3DPlatformer/3DPlatformer/Assets/StreamingAssets/Cubiquity/VoxelDatabases/7E0B0176.vdb'
[16:03:27, Info   ]: Creating voxel database from 'C:/Users/Zuri/Desktop/Git/3DPlatformer/3DPlatformer/Assets/StreamingAssets/Cubiquity/VoxelDatabases/687EA6AE.vdb'
[16:03:52, Info   ]: Creating voxel database from 'C:/Users/Zuri/Desktop/Git/3DPlatformer/3DPlatformer/Assets/StreamingAssets/Cubiquity/VoxelDatabases/23EF9B3F.vdb'
[16:03:52, Info   ]: Creating voxel database from 'C:/Users/Zuri/Desktop/Git/3DPlatformer/3DPlatformer/Assets/StreamingAssets/Cubiquity/VoxelDatabases/229F81A5.vdb'
[16:03:52, Info   ]: Creating voxel database from 'C:/Users/Zuri/Desktop/Git/3DPlatformer/3DPlatformer/Assets/StreamingAssets/Cubiquity/VoxelDatabases/5FE57BAF.vdb'
[16:03:52, Info   ]: Creating voxel database from 'C:/Users/Zuri/Desktop/Git/3DPlatformer/3DPlatformer/Assets/StreamingAssets/Cubiquity/VoxelDatabases/7E0B0176.vdb'
[16:03:52, Info   ]: Creating voxel database from 'C:/Users/Zuri/Desktop/Git/3DPlatformer/3DPlatformer/Assets/StreamingAssets/Cubiquity/VoxelDatabases/687EA6AE.vdb'
[16:03:52, Info   ]: Creating voxel database from 'C:/Users/Zuri/Desktop/Git/3DPlatformer/3DPlatformer/Assets/StreamingAssets/Cubiquity/VoxelDatabases/0D98F46A.vdb'
[16:03:52, Info   ]: Creating voxel database from 'C:/Users/Zuri/Desktop/Git/3DPlatformer/3DPlatformer/Assets/StreamingAssets/Cubiquity/VoxelDatabases/7B7168E0.vdb'
[16:03:52, Info   ]: Creating voxel database from 'C:/Users/Zuri/Desktop/Git/3DPlatformer/3DPlatformer/Assets/StreamingAssets/Cubiquity/VoxelDatabases/0C1154BF.vdb'
[16:05:27, Info   ]: Creating voxel database from 'C:/Users/Zuri/Desktop/Git/3DPlatformer/3DPlatformer/Assets/StreamingAssets/Cubiquity/VoxelDatabases/229F81A5.vdb'
[16:05:27, Info   ]: Creating voxel database from 'C:/Users/Zuri/Desktop/Git/3DPlatformer/3DPlatformer/Assets/StreamingAssets/Cubiquity/VoxelDatabases/5FE57BAF.vdb'
[16:05:27, Info   ]: Creating voxel database from 'C:/Users/Zuri/Desktop/Git/3DPlatformer/3DPlatformer/Assets/StreamingAssets/Cubiquity/VoxelDatabases/23EF9B3F.vdb'
[16:10:57, Info   ]: Creating voxel database from 'C:/Users/Zuri/Desktop/Git/3DPlatformer/3DPlatformer/Assets/StreamingAssets/Cubiquity/VoxelDatabases/23EF9B3F.vdb'
[16:10:57, Info   ]: Creating voxel database from 'C:/Users/Zuri/Desktop/Git/3DPlatformer/3DPlatformer/Assets/StreamingAssets/Cubiquity/VoxelDatabases/229F81A5.vdb'
[16:10:57, Info   ]: Creating voxel database from 'C:/Users/Zuri/Desktop/Git/3DPlatformer/3DPlatformer/Assets/StreamingAssets/Cubiquity/VoxelDatabases/5FE57BAF.vdb'
[16:10:57, Info   ]: Creating voxel database from 'C:/Users/Zuri/Desktop/Git/3DPlatformer/3DPlatformer/Assets/StreamingAssets/Cubiquity/VoxelDatabases/0C1154BF.vdb'
[16:10:57, Info   ]: Creating voxel database from 'C:/Users/Zuri/Desktop/Git/3DPlatformer/3DPlatformer/Assets/StreamingAssets/Cubiquity/VoxelDatabases/7E0B0176.vdb'
[16:10:57, Info   ]: Creating voxel database from 'C:/Users/Zuri/Desktop/Git/3DPlatformer/3DPlatformer/Assets/StreamingAssets/Cubiquity/VoxelDatabases/687EA6AE.vdb'
[16:10:57, Info   ]: Creating voxel database from 'C:/Users/Zuri/Desktop/Git/3DPlatformer/3DPlatformer/Assets/StreamingAssets/Cubiquity/VoxelDatabases/0D98F46A.vdb'
[16:10:58, Info   ]: Creating voxel database from 'C:/Users/Zuri/Desktop/Git/3DPlatformer/3DPlatformer/Assets/StreamingAssets/Cubiquity/VoxelDatabases/7B7168E0.vdb'
[16:13:36, Info   ]: Creating voxel database from 'C:/Users/Zuri/Desktop/Git/3DPlatformer/3DPlatformer/Assets/StreamingAssets/Cubiquity/VoxelDatabases/23EF9B3F.vdb'
[16:13:36, Info   ]: Creating voxel database from 'C:/Users/Zuri/Desktop/Git/3DPlatformer/3DPlatformer/Assets/StreamingAssets/Cubiquity/VoxelDatabases/229F81A5.vdb'
[16:13:36, Info   ]: Creating voxel database from 'C:/Users/Zuri/Desktop/Git/3DPlatformer/3DPlatformer/Assets/StreamingAssets/Cubiquity/VoxelDatabases/5FE57BAF.vdb'
[16:13:46, Info   ]: Creating voxel database from 'C:/Users/Zuri/Desktop/Git/3DPlatformer/3DPlatformer/Assets/StreamingAssets/Cubiquity/VoxelDatabases/0C1154BF.vdb'
[16:14:49, Info   ]: Creating voxel database from 'C:/Users/Zuri/Desktop/Git/3DPlatformer/3DPlatformer/Assets/StreamingAssets/Cubiquity/VoxelDatabases/0C1154BF.vdb'
[16:15:01, Info   ]: Creating voxel database from 'C:/Users/Zuri/Desktop/Git/3DPlatformer/3DPlatformer/Assets/StreamingAssets/Cubiquity/VoxelDatabases/0C1154BF.vdb'
[16:27:13, Info   ]: Creating voxel database from 'C:/Users/Zuri/Desktop/Git/3DPlatformer/3DPlatformer/Assets/StreamingAssets/Cubiquity/VoxelDatabases/23EF9B3F.vdb'
[16:27:51, Info   ]: Creating voxel database from 'C:/Users/Zuri/Desktop/Git/3DPlatformer/3DPlatformer/Assets/StreamingAssets/Cubiquity/VoxelDatabases/229F81A5.vdb'
[16:27:51, Info   ]: Creating voxel database from 'C:/Users/Zuri/Desktop/Git/3DPlatformer/3DPlatformer/Assets/StreamingAssets/Cubiquity/VoxelDatabases/5FE57BAF.vdb'
[16:27:57, Info   ]: Creating voxel database from 'C:/Users/Zuri/Desktop/Git/3DPlatformer/3DPlatformer/Assets/StreamingAssets/Cubiquity/VoxelDatabases/229F81A5.vdb'
[16:27:57, Info   ]: Creating voxel database from 'C:/Users/Zuri/Desktop/Git/3DPlatformer/3DPlatformer/Assets/StreamingAssets/Cubiquity/VoxelDatabases/5FE57BAF.vdb'
[16:28:01, Info   ]: Creating voxel database from 'C:/Users/Zuri/Desktop/Git/3DPlatformer/3DPlatformer/Assets/StreamingAssets/Cubiquity/VoxelDatabases/229F81A5.vdb'
[16:28:01, Info   ]: Creating voxel database from 'C:/Users/Zuri/Desktop/Git/3DPlatformer/3DPlatformer/Assets/StreamingAssets/Cubiquity/VoxelDatabases/5FE57BAF.vdb'
[16:28:07, Info   ]: Creating voxel database from 'C:/Users/Zuri/Desktop/Git/3DPlatformer/3DPlatformer/Assets/StreamingAssets/Cubiquity/VoxelDatabases/229F81A5.vdb'
[16:28:07, Info   ]: Creating voxel database from 'C:/Users/Zuri/Desktop/Git/3DPlatformer/3DPlatformer/Assets/StreamingAssets/Cubiquity/VoxelDatabases/5FE57BAF.vdb'
[16:28:46, Info   ]: Creating voxel database from 'C:/Users/Zuri/Desktop/Git/3DPlatformer/3DPlatformer/Assets/StreamingAssets/Cubiquity/VoxelDatabases/229F81A5.vdb'
[16:28:46, Info   ]: Creating voxel database from 'C:/Users/Zuri/Desktop/Git/3DPlatformer/3DPlatformer/Assets/StreamingAssets/Cubiquity/VoxelDatabases/5FE57BAF.vdb'
[16:28:51, Info   ]: Creating voxel database from 'C:/Users/Zuri/Desktop/Git/3DPlatformer/3DPlatformer/Assets/StreamingAssets/Cubiquity/VoxelDatabases/229F81A5.vdb'
[16:28:51, Info   ]: Creating voxel database from 'C:/Users/Zuri/Desktop/Git/3DPlatformer/3DPlatformer/Assets/StreamingAssets/Cubiquity/VoxelDatabases/5FE57BAF.vdb'
[16:29:30, Info   ]: Creating voxel database from 'C:/Users/Zuri/Desktop/Git/3DPlatformer/3DPlatformer/Assets/StreamingAssets/Cubiquity/VoxelDatabases/7B7168E0.vdb'
[16:29:33, Info   ]: Creating voxel database from 'C:/Users/Zuri/Desktop/Git/3DPlatformer/3DPlatformer/Assets/StreamingAssets/Cubiquity/VoxelDatabases/23EF9B3F.vdb'
[16:30:30, Info   ]: Creating voxel database from 'C:/Users/Zuri/Desktop/Git/3DPlatformer/3DPlatformer/Assets/StreamingAssets/Cubiquity/VoxelDatabases/23EF9B3F.vdb'
[16:30:48, Info   ]: Creating voxel database from 'C:/Users/Zuri/Desktop/Git/3DPlatformer/3DPlatformer/Assets/StreamingAssets/Cubiquity/VoxelDatabases/0C1154BF.vdb'
[16:30:48, Info   ]: Creating voxel database from 'C:/Users/Zuri/Desktop/Git/3DPlatformer/3DPlatformer/Assets/StreamingAssets/Cubiquity/VoxelDatabases/7E0B0176.vdb'
[16:30:48, Info   ]: Creating voxel database from 'C:/Users/Zuri/Desktop/Git/3DPlatformer/3DPlatformer/Assets/StreamingAssets/Cubiquity/VoxelDatabases/687EA6AE.vdb'
[16:30:48, Info   ]: Creating voxel database from 'C:/Users/Zuri/Desktop/Git/3DPlatformer/3DPlatformer/Assets/StreamingAssets/Cubiquity/VoxelDatabases/23EF9B3F.vdb'
[16:30:48, Info   ]: Creating voxel database from 'C:/Users/Zuri/Desktop/Git/3DPlatformer/3DPlatformer/Assets/StreamingAssets/Cubiquity/VoxelDatabases/0D98F46A.vdb'
[16:30:48, Info   ]: Creating voxel database from 'C:/Users/Zuri/Desktop/Git/3DPlatformer/3DPlatformer/Assets/StreamingAssets/Cubiquity/VoxelDatabases/7B7168E0.vdb'
[16:30:48, Info   ]: Creating voxel database from 'C:/Users/Zuri/Desktop/Git/3DPlatformer/3DPlatformer/Assets/StreamingAssets/Cubiquity/VoxelDatabases/229F81A5.vdb'
[16:30:48, Info   ]: Creating voxel database from 'C:/Users/Zuri/Desktop/Git/3DPlatformer/3DPlatformer/Assets/StreamingAssets/Cubiquity/VoxelDatabases/5FE57BAF.vdb'
[16:33:27, Info   ]: Creating voxel database from 'C:/Users/Zuri/Desktop/Git/3DPlatformer/3DPlatformer/Assets/StreamingAssets/Cubiquity/VoxelDatabases/5FE57BAF.vdb'
[16:33:29, Info   ]: Creating voxel database from 'C:/Users/Zuri/Desktop/Git/3DPlatformer/3DPlatformer/Assets/StreamingAssets/Cubiquity/VoxelDatabases/229F81A5.vdb'
[16:44:19, Info   ]: Creating voxel database from 'C:/Users/Zuri/Desktop/Git/3DPlatformer/3DPlatformer/Assets/StreamingAssets/Cubiquity/VoxelDatabases/5FE57BAF.vdb'
[16:54:01, Info   ]: Creating voxel database from 'C:/Users/Zuri/Desktop/Git/3DPlatformer/3DPlatformer/Assets/StreamingAssets/Cubiquity/VoxelDatabases/229F81A5.vdb'
[16:54:13, Info   ]: Creating voxel database from 'C:/Users/Zuri/Desktop/Git/3DPlatformer/3DPlatformer/Assets/StreamingAssets/Cubiquity/VoxelDatabases/0C1154BF.vdb'
[16:56:27, Info   ]: Creating voxel database from 'C:/Users/Zuri/Desktop/Git/3DPlatformer/3DPlatformer/Assets/StreamingAssets/Cubiquity/VoxelDatabases/0C1154BF.vdb'
[16:57:09, Info   ]: Creating voxel database from 'C:/Users/Zuri/Desktop/Git/3DPlatformer/3DPlatformer/Assets/StreamingAssets/Cubiquity/VoxelDatabases/0C1154BF.vdb'
[16:57:09, Info   ]: Creating voxel database from 'C:/Users/Zuri/Desktop/Git/3DPlatformer/3DPlatformer/Assets/StreamingAssets/Cubiquity/VoxelDatabases/687EA6AE.vdb'
[16:57:09, Info   ]: Creating voxel database from 'C:/Users/Zuri/Desktop/Git/3DPlatformer/3DPlatformer/Assets/StreamingAssets/Cubiquity/VoxelDatabases/7E0B0176.vdb'
[16:57:09, Info   ]: Creating voxel database from 'C:/Users/Zuri/Desktop/Git/3DPlatformer/3DPlatformer/Assets/StreamingAssets/Cubiquity/VoxelDatabases/23EF9B3F.vdb'
[16:57:09, Info   ]: Creating voxel database from 'C:/Users/Zuri/Desktop/Git/3DPlatformer/3DPlatformer/Assets/StreamingAssets/Cubiquity/VoxelDatabases/0D98F46A.vdb'
[16:57:09, Info   ]: Creating voxel database from 'C:/Users/Zuri/Desktop/Git/3DPlatformer/3DPlatformer/Assets/StreamingAssets/Cubiquity/VoxelDatabases/7B7168E0.vdb'
[16:57:09, Info   ]: Creating voxel database from 'C:/Users/Zuri/Desktop/Git/3DPlatformer/3DPlatformer/Assets/StreamingAssets/Cubiquity/VoxelDatabases/5FE57BAF.vdb'
[16:57:10, Info   ]: Creating voxel database from 'C:/Users/Zuri/Desktop/Git/3DPlatformer/3DPlatformer/Assets/StreamingAssets/Cubiquity/VoxelDatabases/229F81A5.vdb'
[16:57:10, Info   ]: Creating voxel database from 'C:/Users/Zuri/Desktop/Git/3DPlatformer/3DPlatformer/Assets/StreamingAssets/Cubiquity/VoxelDatabases/0F7708D9.vdb'
[16:58:51, Info   ]: Creating voxel database from 'C:/Users/Zuri/Desktop/Git/3DPlatformer/3DPlatformer/Assets/StreamingAssets/Cubiquity/VoxelDatabases/0C1154BF.vdb'
[16:58:51, Info   ]: Creating voxel database from 'C:/Users/Zuri/Desktop/Git/3DPlatformer/3DPlatformer/Assets/StreamingAssets/Cubiquity/VoxelDatabases/687EA6AE.vdb'
[16:58:51, Info   ]: Creating voxel database from 'C:/Users/Zuri/Desktop/Git/3DPlatformer/3DPlatformer/Assets/StreamingAssets/Cubiquity/VoxelDatabases/7E0B0176.vdb'
[16:58:51, Info   ]: Creating voxel database from 'C:/Users/Zuri/Desktop/Git/3DPlatformer/3DPlatformer/Assets/StreamingAssets/Cubiquity/VoxelDatabases/0D98F46A.vdb'
[16:58:51, Info   ]: Creating voxel database from 'C:/Users/Zuri/Desktop/Git/3DPlatformer/3DPlatformer/Assets/StreamingAssets/Cubiquity/VoxelDatabases/7B7168E0.vdb'
[16:58:51, Info   ]: Creating voxel database from 'C:/Users/Zuri/Desktop/Git/3DPlatformer/3DPlatformer/Assets/StreamingAssets/Cubiquity/VoxelDatabases/23EF9B3F.vdb'
[16:58:51, Info   ]: Creating voxel database from 'C:/Users/Zuri/Desktop/Git/3DPlatformer/3DPlatformer/Assets/StreamingAssets/Cubiquity/VoxelDatabases/229F81A5.vdb'
[16:58:51, Info   ]: Creating voxel database from 'C:/Users/Zuri/Desktop/Git/3DPlatformer/3DPlatformer/Assets/StreamingAssets/Cubiquity/VoxelDatabases/5FE57BAF.vdb'
[16:58:52, Info   ]: Creating voxel database from 'C:/Users/Zuri/Desktop/Git/3DPlatformer/3DPlatformer/Assets/StreamingAssets/Cubiquity/VoxelDatabases/0F7708D9.vdb'
[17:01:08, Info   ]: Creating voxel database from 'C:/Users/Zuri/Desktop/Git/3DPlatformer/3DPlatformer/Assets/StreamingAssets/Cubiquity/VoxelDatabases/0C1154BF.vdb'
[17:01:08, Info   ]: Creating voxel database from 'C:/Users/Zuri/Desktop/Git/3DPlatformer/3DPlatformer/Assets/StreamingAssets/Cubiquity/VoxelDatabases/7E0B0176.vdb'
[17:01:08, Info   ]: Creating voxel database from 'C:/Users/Zuri/Desktop/Git/3DPlatformer/3DPlatformer/Assets/StreamingAssets/Cubiquity/VoxelDatabases/687EA6AE.vdb'
[17:01:08, Info   ]: Creating voxel database from 'C:/Users/Zuri/Desktop/Git/3DPlatformer/3DPlatformer/Assets/StreamingAssets/Cubiquity/VoxelDatabases/0D98F46A.vdb'
[17:01:08, Info   ]: Creating voxel database from 'C:/Users/Zuri/Desktop/Git/3DPlatformer/3DPlatformer/Assets/StreamingAssets/Cubiquity/VoxelDatabases/23EF9B3F.vdb'
[17:01:08, Info   ]: Creating voxel database from 'C:/Users/Zuri/Desktop/Git/3DPlatformer/3DPlatformer/Assets/StreamingAssets/Cubiquity/VoxelDatabases/7B7168E0.vdb'
[17:01:08, Info   ]: Creating voxel database from 'C:/Users/Zuri/Desktop/Git/3DPlatformer/3DPlatformer/Assets/StreamingAssets/Cubiquity/VoxelDatabases/5FE57BAF.vdb'
[17:01:08, Info   ]: Creating voxel database from 'C:/Users/Zuri/Desktop/Git/3DPlatformer/3DPlatformer/Assets/StreamingAssets/Cubiquity/VoxelDatabases/229F81A5.vdb'
[17:02:48, Info   ]: Creating voxel database from 'C:/Users/Zuri/Desktop/Git/3DPlatformer/3DPlatformer/Assets/StreamingAssets/Cubiquity/VoxelDatabases/23EF9B3F.vdb'
[17:05:40, Info   ]: Creating voxel database from 'C:/Users/Zuri/Desktop/Git/3DPlatformer/3DPlatformer/Assets/StreamingAssets/Cubiquity/VoxelDatabases/23EF9B3F.vdb'
[17:06:05, Info   ]: Creating voxel database from 'C:/Users/Zuri/Desktop/Git/3DPlatformer/3DPlatformer/Assets/StreamingAssets/Cubiquity/VoxelDatabases/0C1154BF.vdb'
[17:06:05, Info   ]: Creating voxel database from 'C:/Users/Zuri/Desktop/Git/3DPlatformer/3DPlatformer/Assets/StreamingAssets/Cubiquity/VoxelDatabases/7E0B0176.vdb'
[17:06:05, Info   ]: Creating voxel database from 'C:/Users/Zuri/Desktop/Git/3DPlatformer/3DPlatformer/Assets/StreamingAssets/Cubiquity/VoxelDatabases/687EA6AE.vdb'
[17:06:05, Info   ]: Creating voxel database from 'C:/Users/Zuri/Desktop/Git/3DPlatformer/3DPlatformer/Assets/StreamingAssets/Cubiquity/VoxelDatabases/23EF9B3F.vdb'
[17:06:05, Info   ]: Creating voxel database from 'C:/Users/Zuri/Desktop/Git/3DPlatformer/3DPlatformer/Assets/StreamingAssets/Cubiquity/VoxelDatabases/0D98F46A.vdb'
[17:06:05, Info   ]: Creating voxel database from 'C:/Users/Zuri/Desktop/Git/3DPlatformer/3DPlatformer/Assets/StreamingAssets/Cubiquity/VoxelDatabases/7B7168E0.vdb'
[17:06:05, Info   ]: Creating voxel database from 'C:/Users/Zuri/Desktop/Git/3DPlatformer/3DPlatformer/Assets/StreamingAssets/Cubiquity/VoxelDatabases/229F81A5.vdb'
[17:06:05, Info   ]: Creating voxel database from 'C:/Users/Zuri/Desktop/Git/3DPlatformer/3DPlatformer/Assets/StreamingAssets/Cubiquity/VoxelDatabases/5FE57BAF.vdb'
[17:07:35, Info   ]: Creating voxel database from 'C:/Users/Zuri/Desktop/Git/3DPlatformer/3DPlatformer/Assets/StreamingAssets/Cubiquity/VoxelDatabases/7B7168E0.vdb'
[17:08:10, Info   ]: Creating voxel database from 'C:/Users/Zuri/Desktop/Git/3DPlatformer/3DPlatformer/Assets/StreamingAssets/Cubiquity/VoxelDatabases/7B7168E0.vdb'
[17:08:19, Info   ]: Creating voxel database from 'C:/Users/Zuri/Desktop/Git/3DPlatformer/3DPlatformer/Assets/StreamingAssets/Cubiquity/VoxelDatabases/0D98F46A.vdb'
[17:09:02, Info   ]: Creating voxel database from 'C:/Users/Zuri/Desktop/Git/3DPlatformer/3DPlatformer/Assets/StreamingAssets/Cubiquity/VoxelDatabases/0D98F46A.vdb'
[17:09:13, Info   ]: Creating voxel database from 'C:/Users/Zuri/Desktop/Git/3DPlatformer/3DPlatformer/Assets/StreamingAssets/Cubiquity/VoxelDatabases/0F7708D9.vdb'
[17:10:11, Info   ]: Creating voxel database from 'C:/Users/Zuri/Desktop/Git/3DPlatformer/3DPlatformer/Assets/StreamingAssets/Cubiquity/VoxelDatabases/0F7708D9.vdb'
[17:10:14, Info   ]: Creating voxel database from 'C:/Users/Zuri/Desktop/Git/3DPlatformer/3DPlatformer/Assets/StreamingAssets/Cubiquity/VoxelDatabases/5FE57BAF.vdb'
[17:11:04, Info   ]: Creating voxel database from 'C:/Users/Zuri/Desktop/Git/3DPlatformer/3DPlatformer/Assets/StreamingAssets/Cubiquity/VoxelDatabases/5FE57BAF.vdb'
[17:11:19, Info   ]: Creating voxel database from 'C:/Users/Zuri/Desktop/Git/3DPlatformer/3DPlatformer/Assets/StreamingAssets/Cubiquity/VoxelDatabases/23EF9B3F.vdb'
[17:12:14, Info   ]: Creating voxel database from 'C:/Users/Zuri/Desktop/Git/3DPlatformer/3DPlatformer/Assets/StreamingAssets/Cubiquity/VoxelDatabases/23EF9B3F.vdb'
[17:12:27, Info   ]: Creating voxel database from 'C:/Users/Zuri/Desktop/Git/3DPlatformer/3DPlatformer/Assets/StreamingAssets/Cubiquity/VoxelDatabases/687EA6AE.vdb'
[17:12:27, Info   ]: Creating voxel database from 'C:/Users/Zuri/Desktop/Git/3DPlatformer/3DPlatformer/Assets/StreamingAssets/Cubiquity/VoxelDatabases/7E0B0176.vdb'
[17:13:17, Info   ]: Creating voxel database from 'C:/Users/Zuri/Desktop/Git/3DPlatformer/3DPlatformer/Assets/StreamingAssets/Cubiquity/VoxelDatabases/7E0B0176.vdb'
[17:13:17, Info   ]: Creating voxel database from 'C:/Users/Zuri/Desktop/Git/3DPlatformer/3DPlatformer/Assets/StreamingAssets/Cubiquity/VoxelDatabases/687EA6AE.vdb'
[17:13:23, Info   ]: Creating voxel database from 'C:/Users/Zuri/Desktop/Git/3DPlatformer/3DPlatformer/Assets/StreamingAssets/Cubiquity/VoxelDatabases/687EA6AE.vdb'
[17:14:02, Info   ]: Creating voxel database from 'C:/Users/Zuri/Desktop/Git/3DPlatformer/3DPlatformer/Assets/StreamingAssets/Cubiquity/VoxelDatabases/687EA6AE.vdb'
[17:14:14, Info   ]: Creating voxel database from 'C:/Users/Zuri/Desktop/Git/3DPlatformer/3DPlatformer/Assets/StreamingAssets/Cubiquity/VoxelDatabases/0C1154BF.vdb'
[17:14:14, Info   ]: Creating voxel database from 'C:/Users/Zuri/Desktop/Git/3DPlatformer/3DPlatformer/Assets/StreamingAssets/Cubiquity/VoxelDatabases/7E0B0176.vdb'
[17:14:14, Info   ]: Creating voxel database from 'C:/Users/Zuri/Desktop/Git/3DPlatformer/3DPlatformer/Assets/StreamingAssets/Cubiquity/VoxelDatabases/687EA6AE.vdb'
[17:14:14, Info   ]: Creating voxel database from 'C:/Users/Zuri/Desktop/Git/3DPlatformer/3DPlatformer/Assets/StreamingAssets/Cubiquity/VoxelDatabases/0D98F46A.vdb'
[17:14:14, Info   ]: Creating voxel database from 'C:/Users/Zuri/Desktop/Git/3DPlatformer/3DPlatformer/Assets/StreamingAssets/Cubiquity/VoxelDatabases/23EF9B3F.vdb'
[17:14:14, Info   ]: Creating voxel database from 'C:/Users/Zuri/Desktop/Git/3DPlatformer/3DPlatformer/Assets/StreamingAssets/Cubiquity/VoxelDatabases/5FE57BAF.vdb'
[17:14:14, Info   ]: Creating voxel database from 'C:/Users/Zuri/Desktop/Git/3DPlatformer/3DPlatformer/Assets/StreamingAssets/Cubiquity/VoxelDatabases/0F7708D9.vdb'
[17:14:14, Info   ]: Creating voxel database from 'C:/Users/Zuri/Desktop/Git/3DPlatformer/3DPlatformer/Assets/StreamingAssets/Cubiquity/VoxelDatabases/229F81A5.vdb'
[17:14:14, Info   ]: Creating voxel database from 'C:/Users/Zuri/Desktop/Git/3DPlatformer/3DPlatformer/Assets/StreamingAssets/Cubiquity/VoxelDatabases/7B7168E0.vdb'
